1741203333.4748, INIT, L=0, ticks=5
1741203333.4755, INTERNAL, L=1
1741203333.6759, SEND(2), L=2
1741203333.8757, INTERNAL, L=3
1741203334.0761, SEND(1), L=4
1741203334.2761, SEND(3), L=5
1741203334.4762, INTERNAL, L=6
1741203334.6763, INTERNAL, L=7
1741203334.8765, INTERNAL, L=8
1741203335.0767, SEND(2), L=9
1741203335.2767, INTERNAL, L=10
1741203335.4770, INTERNAL, L=11
1741203335.6771, INTERNAL, L=12
1741203335.8772, INTERNAL, L=13
1741203336.0777, SEND(1), L=14
1741203336.2777, RECEIVE, L=15, queue=0
1741203336.4781, SEND(1), L=16
1741203336.6781, INTERNAL, L=17
1741203336.8782, INTERNAL, L=18
1741203337.0783, RECEIVE, L=19, queue=0
1741203337.2784, INTERNAL, L=20
1741203337.4787, INTERNAL, L=21
1741203337.6790, SEND(1), L=22
1741203337.8790, INTERNAL, L=23
1741203338.0791, RECEIVE, L=24, queue=0
1741203338.2793, RECEIVE, L=25, queue=0
1741203338.4796, INTERNAL, L=26
1741203338.6798, SEND(1), L=27
1741203338.8798, INTERNAL, L=28
1741203339.0800, INTERNAL, L=29
1741203339.2801, RECEIVE, L=30, queue=0
1741203339.4803, INTERNAL, L=31
1741203339.6804, INTERNAL, L=32
1741203339.8806, INTERNAL, L=33
1741203340.0810, SEND(3), L=34
1741203340.2809, INTERNAL, L=35
1741203340.4812, INTERNAL, L=36
1741203340.6813, INTERNAL, L=37
1741203340.8816, SEND(3), L=38
1741203341.0816, INTERNAL, L=39
1741203341.2816, INTERNAL, L=40
1741203341.4818, RECEIVE, L=41, queue=0
1741203341.6818, INTERNAL, L=42
1741203341.8819, INTERNAL, L=43
1741203342.0821, RECEIVE, L=44, queue=0
1741203342.2822, INTERNAL, L=45
1741203342.4824, INTERNAL, L=46
1741203342.6825, INTERNAL, L=47
1741203342.8827, INTERNAL, L=48
1741203343.0829, SEND(3), L=49
1741203343.2828, RECEIVE, L=50, queue=0
1741203343.4831, INTERNAL, L=51
1741203343.6832, RECEIVE, L=52, queue=0
1741203343.8834, INTERNAL, L=53
1741203344.0835, INTERNAL, L=54
1741203344.2836, RECEIVE, L=55, queue=0
1741203344.4839, INTERNAL, L=56
1741203344.6841, INTERNAL, L=57
1741203344.8842, SEND(3), L=58
1741203345.0842, INTERNAL, L=59
1741203345.2846, SEND(1), L=60
1741203345.4847, RECEIVE, L=61, queue=0
1741203345.6849, RECEIVE, L=62, queue=0
1741203345.8850, INTERNAL, L=63
1741203346.0851, INTERNAL, L=64
1741203346.2853, INTERNAL, L=65
1741203346.4853, RECEIVE, L=66, queue=0
1741203346.6854, RECEIVE, L=67, queue=0
1741203346.8856, SEND(1), L=68
1741203347.0857, INTERNAL, L=69
1741203348.6601, INTERNAL, L=70
1741203348.8602, RECEIVE, L=71, queue=0
1741203349.0605, INTERNAL, L=72
1741203349.2608, INTERNAL, L=73
1741203349.4612, RECEIVE, L=74, queue=0
1741203349.6614, RECEIVE, L=75, queue=0
1741203349.8615, SEND(1), L=76
1741203350.0616, RECEIVE, L=77, queue=0
1741203350.2619, SEND(3), L=78
1741203350.4622, SEND(3), L=79
1741203350.6624, SEND(3), L=80
1741203350.8626, INTERNAL, L=81
1741203351.0629, INTERNAL, L=82
1741203351.2633, SEND(2), L=83
1741203351.4636, SEND(1), L=84
1741203351.6638, SEND(2), L=85
1741203351.8639, RECEIVE, L=86, queue=0
1741203352.0642, INTERNAL, L=87
1741203352.2645, INTERNAL, L=88
1741203352.4646, INTERNAL, L=89
1741203352.6648, RECEIVE, L=90, queue=0
1741203352.8650, INTERNAL, L=91
1741203353.0652, INTERNAL, L=92
1741203353.2654, INTERNAL, L=93
1741203353.4658, INTERNAL, L=94
1741203353.6661, SEND(3), L=95
1741203353.8662, INTERNAL, L=96
1741203354.0665, SEND(3), L=97
1741203354.2666, SEND(3), L=98
1741203354.4668, INTERNAL, L=99
1741203354.6670, INTERNAL, L=100
1741203354.8674, INTERNAL, L=101
1741203355.0677, INTERNAL, L=102
1741203355.2682, SEND(2), L=103
1741203355.4684, INTERNAL, L=104
1741203355.6686, INTERNAL, L=105
1741203355.8691, SEND(2), L=106
1741203356.0692, RECEIVE, L=107, queue=0
1741203356.2698, SEND(2), L=108
1741203356.4699, RECEIVE, L=109, queue=0
1741203356.6700, RECEIVE, L=110, queue=0
1741203356.8704, SEND(1), L=111
1741203357.0706, RECEIVE, L=112, queue=0
1741203357.2709, INTERNAL, L=113
1741203357.4711, INTERNAL, L=114
1741203357.6714, INTERNAL, L=115
1741203357.8716, INTERNAL, L=116
1741203358.0719, INTERNAL, L=117
1741203358.2720, INTERNAL, L=118
1741203358.4721, INTERNAL, L=119
1741203358.6722, INTERNAL, L=120
1741203358.8723, INTERNAL, L=121
1741203359.0726, RECEIVE, L=122, queue=0
1741203359.2730, INTERNAL, L=123
1741203359.4733, INTERNAL, L=124
1741203359.6736, RECEIVE, L=125, queue=0
1741203359.8738, INTERNAL, L=126
1741203360.0742, SEND(1), L=127
1741203360.2743, INTERNAL, L=128
1741203360.4745, RECEIVE, L=129, queue=0
1741203360.6749, SEND(2), L=130
1741203360.8750, RECEIVE, L=131, queue=0
1741203361.0752, INTERNAL, L=132
1741203361.2755, INTERNAL, L=133
1741203361.4758, INTERNAL, L=134
1741203361.6761, INTERNAL, L=135
1741203361.8764, RECEIVE, L=136, queue=0
1741203362.0765, INTERNAL, L=137
1741203362.2768, INTERNAL, L=138
1741203362.4772, RECEIVE, L=139, queue=0
1741203362.6772, INTERNAL, L=140
1741203362.8773, RECEIVE, L=141, queue=0
1741203363.0774, INTERNAL, L=142
1741203363.2776, INTERNAL, L=143
1741203363.4778, INTERNAL, L=144
1741203363.6781, SEND(1), L=145
1741203363.8782, INTERNAL, L=146
1741203364.0782, RECEIVE, L=147, queue=0
1741203364.2784, SEND(3), L=148
1741203364.4785, RECEIVE, L=149, queue=0
1741203364.6788, SEND(1), L=150
1741203364.8789, SEND(2), L=151
1741203365.0790, INTERNAL, L=152
1741203365.2792, INTERNAL, L=153
1741203365.4794, RECEIVE, L=154, queue=0
1741203365.6796, RECEIVE, L=155, queue=0
1741203365.8802, SEND(1), L=156
1741203366.0804, SEND(1), L=157
1741203366.2804, INTERNAL, L=158
1741203366.4806, RECEIVE, L=159, queue=0
1741203366.6808, INTERNAL, L=160
1741203366.8809, INTERNAL, L=161
1741203367.0812, INTERNAL, L=162
1741203367.2814, INTERNAL, L=163
1741203367.4820, SEND(2), L=164
1741203367.6822, SEND(1), L=165
1741203367.8825, SEND(2), L=166
1741203368.0826, SEND(1), L=167
1741203368.2826, INTERNAL, L=168
1741203368.4831, SEND(3), L=169
1741203368.6830, INTERNAL, L=170
1741203368.8831, RECEIVE, L=171, queue=0
1741203369.0836, SEND(1), L=172
1741203369.2838, INTERNAL, L=173
1741203369.4839, INTERNAL, L=174
1741203369.6843, SEND(2), L=175
1741203369.8845, SEND(3), L=176
1741203370.0845, INTERNAL, L=177
1741203370.2848, INTERNAL, L=178
1741203370.4851, INTERNAL, L=179
1741203370.6852, INTERNAL, L=180
1741203370.8853, RECEIVE, L=181, queue=0
1741203371.0855, RECEIVE, L=182, queue=0
1741203371.2857, INTERNAL, L=183
1741203371.4859, SEND(3), L=184
1741203371.6859, RECEIVE, L=185, queue=0
1741203371.8863, INTERNAL, L=186
1741203372.0865, INTERNAL, L=187
1741203372.2867, SEND(3), L=188
1741203372.4867, INTERNAL, L=189
1741203372.6868, INTERNAL, L=190
1741203372.8869, RECEIVE, L=191, queue=0
1741203373.0870, INTERNAL, L=192
1741203373.2872, SEND(2), L=193
1741203373.4872, INTERNAL, L=194
1741203373.6874, RECEIVE, L=195, queue=0
1741203373.8877, INTERNAL, L=196
1741203374.0879, INTERNAL, L=197
1741203374.2881, SEND(1), L=198
1741203374.4881, RECEIVE, L=199, queue=0
1741203374.6882, INTERNAL, L=200
1741203374.8884, RECEIVE, L=201, queue=0
1741203375.0884, INTERNAL, L=202
1741203375.2886, INTERNAL, L=203
1741203375.4888, INTERNAL, L=204
1741203375.6890, INTERNAL, L=205
1741203375.8894, SEND(2), L=206
1741203376.0894, INTERNAL, L=207
1741203376.2896, INTERNAL, L=208
1741203376.4897, INTERNAL, L=209
1741203376.6899, INTERNAL, L=210
1741203376.8901, RECEIVE, L=211, queue=0
1741203377.0903, INTERNAL, L=212
1741203377.2905, INTERNAL, L=213
1741203377.4908, RECEIVE, L=214, queue=0
1741203377.6911, SEND(1), L=215
1741203377.8912, SEND(2), L=216
1741203378.0912, INTERNAL, L=217
1741203378.2915, SEND(3), L=218
1741203378.4916, RECEIVE, L=219, queue=0
1741203378.6919, RECEIVE, L=220, queue=0
1741203378.8923, INTERNAL, L=221
1741203379.0924, INTERNAL, L=222
1741203379.2925, INTERNAL, L=223
1741203379.4930, SEND(2), L=224
1741203379.6930, INTERNAL, L=225
1741203379.8934, INTERNAL, L=226
1741203380.0935, INTERNAL, L=227
1741203380.2936, INTERNAL, L=228
1741203380.4937, INTERNAL, L=229
1741203380.6939, SEND(1), L=230
1741203382.6249, INTERNAL, L=231
1741203382.8249, INTERNAL, L=232
1741203383.0253, SEND(1), L=233
1741203383.2253, INTERNAL, L=234
1741203383.4254, INTERNAL, L=235
1741203383.6258, INTERNAL, L=236
1741203383.8261, INTERNAL, L=237
1741203384.0262, INTERNAL, L=238
1741203384.2265, INTERNAL, L=239
1741203384.4266, INTERNAL, L=240
1741203384.6268, INTERNAL, L=241
1741203384.8270, INTERNAL, L=242
1741203385.0271, INTERNAL, L=243
1741203385.2272, INTERNAL, L=244
1741203385.4275, SEND(2), L=245
1741203385.6278, SEND(1), L=246
1741203385.8279, INTERNAL, L=247
1741203386.0288, INTERNAL, L=248
1741203386.2292, SEND(3), L=249
1741203386.4291, INTERNAL, L=250
1741203386.6294, INTERNAL, L=251
1741203386.8297, INTERNAL, L=252
1741203387.0301, INTERNAL, L=253
1741203387.2301, INTERNAL, L=254
1741203387.4303, INTERNAL, L=255
1741203387.6306, RECEIVE, L=256, queue=0
1741203387.8308, SEND(2), L=257
1741203388.0307, INTERNAL, L=258
1741203388.2309, RECEIVE, L=259, queue=0
1741203388.4309, INTERNAL, L=260
1741203388.6313, SEND(3), L=261
1741203388.8313, RECEIVE, L=262, queue=0
1741203389.0315, SEND(2), L=263
1741203389.2315, INTERNAL, L=264
1741203389.4320, SEND(3), L=265
1741203389.6320, INTERNAL, L=266
1741203389.8322, SEND(2), L=267
1741203390.0323, SEND(3), L=268
1741203390.2323, RECEIVE, L=269, queue=0
1741203390.4326, INTERNAL, L=270
1741203390.6327, INTERNAL, L=271
1741203390.8330, SEND(2), L=272
1741203391.0331, INTERNAL, L=273
1741203391.2331, INTERNAL, L=274
1741203391.4333, RECEIVE, L=275, queue=0
1741203391.6336, INTERNAL, L=276
1741203391.8336, INTERNAL, L=277
1741203392.0339, SEND(1), L=278
1741203392.2339, RECEIVE, L=279, queue=0
1741203392.4611, SEND(2), L=280
1741203392.6343, RECEIVE, L=281, queue=0
1741203392.8345, INTERNAL, L=282
1741203393.0347, INTERNAL, L=283
1741203393.2352, RECEIVE, L=284, queue=0
1741203393.4353, RECEIVE, L=285, queue=0
1741203393.6354, SHUTDOWN, L=285
