1741203330.8795, INIT, L=0, ticks=2
1741203330.8802, INTERNAL, L=1
1741203331.3805, SEND(2), L=2
1741203331.8808, INTERNAL, L=3
1741203332.3811, INTERNAL, L=4
1741203332.8814, INTERNAL, L=5
1741203333.3815, INTERNAL, L=6
1741203333.8818, RECEIVE, L=7, queue=0
1741203334.3822, RECEIVE, L=8, queue=1
1741203334.8826, RECEIVE, L=9, queue=0
1741203335.3829, RECEIVE, L=10, queue=0
1741203335.8830, INTERNAL, L=11
1741203336.3834, RECEIVE, L=15, queue=0
1741203336.8837, RECEIVE, L=17, queue=0
1741203337.3839, RECEIVE, L=18, queue=0
1741203337.8842, RECEIVE, L=23, queue=0
1741203338.3845, RECEIVE, L=24, queue=0
1741203338.8848, RECEIVE, L=28, queue=0
1741203339.3852, RECEIVE, L=29, queue=0
1741203339.8854, SEND(3), L=30
1741203340.3856, RECEIVE, L=35, queue=0
1741203340.8858, RECEIVE, L=39, queue=0
1741203341.3860, INTERNAL, L=40
1741203341.8862, RECEIVE, L=41, queue=0
1741203342.3865, INTERNAL, L=42
1741203342.8870, INTERNAL, L=43
1741203343.3872, RECEIVE, L=50, queue=1
1741203343.8875, RECEIVE, L=51, queue=0
1741203344.3876, INTERNAL, L=52
1741203344.8878, RECEIVE, L=59, queue=0
1741203345.3880, RECEIVE, L=61, queue=0
1741203345.8883, RECEIVE, L=62, queue=1
1741203346.3886, RECEIVE, L=63, queue=0
1741203346.8889, RECEIVE, L=64, queue=1
1741203348.7632, RECEIVE, L=69, queue=0
1741203349.2635, INTERNAL, L=70
1741203349.7638, SEND(2), L=71
1741203350.2640, RECEIVE, L=77, queue=2
1741203350.7645, RECEIVE, L=78, queue=3
1741203351.2645, RECEIVE, L=79, queue=3
1741203351.7647, RECEIVE, L=80, queue=4
1741203352.2650, RECEIVE, L=81, queue=3
1741203352.7652, RECEIVE, L=84, queue=3
1741203353.2653, RECEIVE, L=85, queue=2
1741203353.7655, RECEIVE, L=86, queue=2
1741203354.2657, RECEIVE, L=87, queue=2
1741203354.7658, RECEIVE, L=96, queue=2
1741203355.2660, RECEIVE, L=98, queue=1
1741203355.7661, RECEIVE, L=99, queue=1
1741203356.2665, RECEIVE, L=104, queue=1
1741203356.7668, RECEIVE, L=107, queue=1
1741203357.2671, RECEIVE, L=109, queue=1
1741203357.7672, RECEIVE, L=112, queue=0
1741203358.2675, SEND(2), L=113
1741203358.7678, RECEIVE, L=114, queue=0
1741203359.2681, RECEIVE, L=115, queue=0
1741203359.7682, SEND(2), L=116
1741203360.2683, RECEIVE, L=128, queue=0
1741203360.7686, RECEIVE, L=129, queue=1
1741203361.2687, RECEIVE, L=131, queue=0
1741203361.7689, INTERNAL, L=132
1741203362.2692, INTERNAL, L=133
1741203362.7693, INTERNAL, L=134
1741203363.2695, RECEIVE, L=135, queue=0
1741203363.7697, RECEIVE, L=146, queue=0
1741203364.2700, RECEIVE, L=147, queue=0
1741203364.7702, RECEIVE, L=149, queue=1
1741203365.2704, RECEIVE, L=151, queue=1
1741203365.7707, RECEIVE, L=152, queue=1
1741203366.2708, RECEIVE, L=153, queue=2
1741203366.7710, RECEIVE, L=157, queue=1
1741203367.2712, RECEIVE, L=158, queue=0
1741203367.7715, RECEIVE, L=165, queue=1
1741203368.2719, RECEIVE, L=166, queue=2
1741203368.7720, RECEIVE, L=167, queue=2
1741203369.2723, RECEIVE, L=168, queue=2
1741203369.7725, RECEIVE, L=170, queue=3
1741203370.2728, RECEIVE, L=173, queue=3
1741203370.7731, RECEIVE, L=174, queue=2
1741203371.2732, RECEIVE, L=176, queue=2
1741203371.7735, RECEIVE, L=177, queue=3
1741203372.2738, RECEIVE, L=178, queue=2
1741203372.7740, RECEIVE, L=185, queue=3
1741203373.2743, RECEIVE, L=186, queue=3
1741203373.7747, RECEIVE, L=189, queue=4
1741203374.2748, RECEIVE, L=190, queue=3
1741203374.7750, RECEIVE, L=191, queue=3
1741203375.2752, RECEIVE, L=194, queue=3
1741203375.7753, RECEIVE, L=195, queue=2
1741203376.2755, RECEIVE, L=199, queue=2
1741203376.7757, RECEIVE, L=200, queue=1
1741203377.2761, RECEIVE, L=207, queue=0
1741203377.7762, RECEIVE, L=216, queue=0
1741203378.2763, RECEIVE, L=217, queue=0
1741203378.7764, RECEIVE, L=219, queue=1
1741203379.2766, RECEIVE, L=220, queue=0
1741203379.7771, RECEIVE, L=225, queue=0
1741203380.2771, SEND(2), L=226
1741203380.7772, RECEIVE, L=231, queue=0
1741203383.0083, RECEIVE, L=232, queue=0
1741203383.5084, RECEIVE, L=234, queue=0
1741203384.0086, INTERNAL, L=235
1741203384.5087, SEND(1), L=236
1741203385.0091, INTERNAL, L=237
1741203385.5092, RECEIVE, L=246, queue=0
1741203386.0094, RECEIVE, L=247, queue=0
1741203386.5096, RECEIVE, L=250, queue=0
1741203387.0098, SEND(2), L=251
1741203387.5099, INTERNAL, L=252
1741203388.0102, RECEIVE, L=258, queue=0
1741203388.5105, INTERNAL, L=259
1741203389.0108, RECEIVE, L=262, queue=0
1741203389.5109, RECEIVE, L=264, queue=1
1741203390.0112, RECEIVE, L=266, queue=1
1741203390.5115, RECEIVE, L=268, queue=2
1741203391.0120, SHUTDOWN, L=268
