1740616479.6244, INIT, L=0, ticks=2
1740616479.6256, INTERNAL, L=1
1740616480.1262, SEND(3), L=2
1740616480.6264, INTERNAL, L=3
1740616481.1266, INTERNAL, L=4
1740616481.6268, INTERNAL, L=5
1740616482.1270, SEND(1), L=6
1740616482.6273, INTERNAL, L=7
1740616483.1279, SEND(2), L=8
1740616483.6279, INTERNAL, L=9
1740616484.1282, INTERNAL, L=10
1740616484.6287, SEND(1), L=11
1740616485.1292, SEND(2), L=12
1740616485.6296, INTERNAL, L=13
1740616486.1302, SEND(3), L=14
1740616486.6308, INTERNAL, L=15
1740616487.1313, SEND(2), L=16
1740616487.6316, INTERNAL, L=17
1740616488.1322, SEND(2), L=18
1740616488.6325, SEND(3), L=19
1740616489.1329, INTERNAL, L=20
1740616489.6331, SEND(3), L=21
1740616490.1334, INTERNAL, L=22
1740616490.6336, SEND(2), L=23
1740616491.1338, INTERNAL, L=24
1740616491.6340, SEND(3), L=25
1740616492.1343, INTERNAL, L=26
1740616492.6346, INTERNAL, L=27
1740616493.1349, INTERNAL, L=28
1740616493.6352, INTERNAL, L=29
1740616494.1356, INTERNAL, L=30
1740616494.6359, SEND(3), L=31
1740616495.1364, INTERNAL, L=32
1740616495.6366, INTERNAL, L=33
1740616496.1370, INTERNAL, L=34
1740616496.6373, INTERNAL, L=35
1740616497.1376, INTERNAL, L=36
1740616497.6379, INTERNAL, L=37
1740616498.1383, INTERNAL, L=38
1740616498.6386, INTERNAL, L=39
1740616499.1389, INTERNAL, L=40
1740616499.6393, INTERNAL, L=41
1740616500.1396, INTERNAL, L=42
1740616500.6399, SEND(3), L=43
1740616501.1404, INTERNAL, L=44
1740616501.6407, SEND(1), L=45
1740616502.1410, INTERNAL, L=46
1740616502.6412, SEND(1), L=47
1740616503.1413, INTERNAL, L=48
1740616503.6415, SEND(2), L=49
1740616504.1420, SEND(3), L=50
1740616504.6424, INTERNAL, L=51
1740616505.1428, INTERNAL, L=52
1740616505.6435, SEND(1), L=53
1740616506.1438, SEND(3), L=54
1740616506.6444, INTERNAL, L=55
1740616507.1445, SEND(1), L=56
1740616507.6453, INTERNAL, L=57
1740616508.1452, INTERNAL, L=58
1740616508.6454, INTERNAL, L=59
1740616509.1459, RECEIVE, L=60, queue=0
1740616509.6461, SEND(3), L=61
1740616510.1466, RECEIVE, L=62, queue=0
1740616510.6469, INTERNAL, L=63
1740616511.1472, INTERNAL, L=64
1740616511.6474, SEND(2), L=65
1740616512.1478, INTERNAL, L=66
1740616512.6480, SEND(3), L=67
1740616513.1484, SEND(2), L=68
1740616513.6486, SEND(2), L=69
1740616514.1490, INTERNAL, L=70
1740616514.6493, SEND(3), L=71
1740616515.1496, RECEIVE, L=72, queue=0
1740616515.6499, INTERNAL, L=73
1740616516.1505, INTERNAL, L=74
1740616516.6509, INTERNAL, L=75
1740616517.1511, RECEIVE, L=76, queue=0
1740616517.6513, INTERNAL, L=77
1740616518.1515, SEND(3), L=78
1740616518.6519, SEND(3), L=79
1740616519.1522, RECEIVE, L=80, queue=1
1740616519.6526, RECEIVE, L=81, queue=0
1740616520.1530, RECEIVE, L=82, queue=0
1740616520.6531, SEND(3), L=83
1740616521.1534, INTERNAL, L=84
1740616521.6536, SEND(2), L=85
1740616522.1540, RECEIVE, L=86, queue=0
1740616522.6544, INTERNAL, L=87
1740616523.1547, INTERNAL, L=88
1740616523.6550, SEND(2), L=89
1740616524.1553, INTERNAL, L=90
1740616524.6554, SEND(1), L=91
1740616525.1558, INTERNAL, L=92
1740616525.6559, INTERNAL, L=93
1740616526.1562, RECEIVE, L=94, queue=0
1740616526.6564, INTERNAL, L=95
1740616527.1568, RECEIVE, L=96, queue=0
1740616527.6570, INTERNAL, L=97
1740616528.1571, INTERNAL, L=98
1740616528.6574, SEND(1), L=99
1740616529.1578, RECEIVE, L=100, queue=0
1740616529.6583, SEND(2), L=101
1740616530.1586, INTERNAL, L=102
1740616530.6589, SEND(2), L=103
1740616531.1594, INTERNAL, L=104
1740616531.6595, SEND(1), L=105
1740616532.1598, INTERNAL, L=106
1740616532.6601, SEND(2), L=107
1740616533.1606, SEND(3), L=108
1740616533.6608, INTERNAL, L=109
1740616534.1612, RECEIVE, L=110, queue=0
1740616534.6615, INTERNAL, L=111
1740616535.1619, INTERNAL, L=112
1740616535.6622, SEND(2), L=113
1740616536.1625, INTERNAL, L=114
1740616536.6628, INTERNAL, L=115
1740616537.1631, RECEIVE, L=116, queue=0
1740616537.6633, INTERNAL, L=117
1740616538.1635, RECEIVE, L=118, queue=0
1740616538.6637, INTERNAL, L=119
1740616539.1640, RECEIVE, L=120, queue=0
1740616539.6642, SHUTDOWN, L=120
