1740616506.8619, INIT, L=0, ticks=1
1740616506.8631, INTERNAL, L=1
1740616507.8637, INTERNAL, L=2
1740616508.8648, SEND(2), L=3
1740616509.8643, SEND(3), L=4
1740616510.8644, INTERNAL, L=5
1740616511.8647, INTERNAL, L=6
1740616512.8650, INTERNAL, L=7
1740616513.8653, INTERNAL, L=8
1740616514.8656, RECEIVE, L=9, queue=0
1740616515.8661, INTERNAL, L=10
1740616516.8667, RECEIVE, L=11, queue=0
1740616517.8670, RECEIVE, L=12, queue=0
1740616518.8677, SEND(3), L=13
1740616519.8676, RECEIVE, L=14, queue=0
1740616520.8681, INTERNAL, L=15
1740616521.8686, RECEIVE, L=16, queue=0
1740616522.8688, RECEIVE, L=17, queue=0
1740616523.8693, RECEIVE, L=18, queue=0
1740616524.8698, INTERNAL, L=19
1740616525.8700, RECEIVE, L=20, queue=0
1740616526.8705, RECEIVE, L=21, queue=0
1740616527.8707, RECEIVE, L=22, queue=0
1740616528.8708, RECEIVE, L=23, queue=0
1740616529.8711, INTERNAL, L=24
1740616530.8714, INTERNAL, L=25
1740616531.8718, INTERNAL, L=26
1740616532.8721, INTERNAL, L=27
1740616533.8730, SEND(2), L=28
1740616534.8730, INTERNAL, L=29
1740616535.8735, INTERNAL, L=30
1740616536.8741, SEND(3), L=31
1740616537.8745, SEND(3), L=32
1740616538.8748, RECEIVE, L=33, queue=0
1740616539.8755, SEND(1), L=34
1740616540.8755, INTERNAL, L=35
1740616541.8758, INTERNAL, L=36
1740616542.8761, RECEIVE, L=37, queue=0
1740616543.8767, INTERNAL, L=38
1740616544.8770, INTERNAL, L=39
1740616545.8772, INTERNAL, L=40
1740616546.8774, INTERNAL, L=41
1740616547.8777, INTERNAL, L=42
1740616548.8781, RECEIVE, L=43, queue=0
1740616549.8782, RECEIVE, L=44, queue=0
1740616550.8785, RECEIVE, L=45, queue=0
1740616551.8787, RECEIVE, L=46, queue=0
1740616552.8788, INTERNAL, L=47
1740616553.8791, INTERNAL, L=48
1740616554.8792, INTERNAL, L=49
1740616555.8797, SEND(1), L=50
1740616556.8796, INTERNAL, L=51
1740616557.8799, SEND(1), L=52
1740616558.8799, INTERNAL, L=53
1740616559.8808, RECEIVE, L=54, queue=0
1740616560.8810, RECEIVE, L=55, queue=0
1740616561.8812, RECEIVE, L=56, queue=0
1740616562.8813, INTERNAL, L=57
1740616563.8816, RECEIVE, L=58, queue=0
1740616564.8818, INTERNAL, L=59
1740616565.8820, INTERNAL, L=60
1740616566.8824, SHUTDOWN, L=60
